Action.c(157):     <input type="hidden" name="flightID" value="124974843-0-AV"  />\n
Action.c(157):       </TD>\n
Action.c(157):       <TD width="45%" valign="top">\n
Action.c(157):           <b>&nbsp;&nbsp;3 Coach class tickets for :</b><br/>\n
Action.c(157):           <center><table border="0" width="85%"><tr><td>\n
Action.c(157):           <li><i>Ashanin Valeriy      <li><i>Gutakovskiy Afinodor      <li><i>Hanykov Merkuriy
Action.c(157):     \n
Action.c(157):           <li><i></i>\n
Action.c(157):           </td></tr></table></center>\n
Action.c(157):       </TD>\n
Action.c(157):       <TD width="5%" >.<br/>.<br/>.<br/>.</TD>\n
Action.c(157):       <TD width="45%" valign=top><b>Invoice sent to:</b><br/>\n
Action.c(157):           <center>\n
Action.c(157):           <Table width="80%" cellspacing="0" > <tr> <td>\n
Action.c(157):               Ashanin Valeriy\n
Action.c(157):     <br/>\n
Action.c(157):               acrobacy<br/>\n
Action.c(157):               agalinis<br/>\n
Action.c(157):               <br/>\n
Action.c(157):               Total Charge: $ 2319 <BR/> (CC: x-3374)\n
Action.c(157):           </td> </tr> </table>\n
Action.c(157):           </center>\n
Action.c(157):       </TD>\n
Action.c(157):     </TR>\n
Action.c(157):     <TR bgcolor="#EFF2F7">\n
Action.c(157):       <TD COLSPAN="3">\n
Action.c(157):       <b>Flight Details:</b><BR/>  <center>\n
Action.c(157):       09/23/2020\n
Action.c(157):      :  8am : Flight 320 leaves Los Angeles  for London.<br>  </center>\n
Action.c(157):       </TD>\n
Action.c(157):     </TR>\n
Action.c(157):     \n
Action.c(157):     <TR bgcolor="#EFF2F7">\n
Action.c(157):       <TD COLSPAN="4">\n
Action.c(157):       <hr/>\n
Action.c(157):       </TD>\n
Action.c(157):     </TR>\n
Action.c(157):     \n
Action.c(157):     <!-- Flight #1 -->\n
Action.c(157):     <TR bgcolor="#EFF2F7">\n
Action.c(157):       <TD width="5%" rowspan="2" align="left" valign="top">\n
Action.c(157):     <b>\n
Action.c(157):     <label><input type="checkbox" name="10" value="on" /></label></font></b>\n
Action.c(157):     <input type="hidden" name="flightID" value="124964463-0-"  />\n
Action.c(157):       </TD>\n
Action.c(157):       <TD width="45%" valign="top">\n
Action.c(157):           <b>&nbsp;&nbsp;A Business class ticket for :</b><br/>\n
Action.c(157):           <center><table border="0" width="85%"><tr><td>\n
Action.c(157):           <li><i>Ashanin Valeriy\n
Action.c(157):           <li><i></i>\n
Action.c(157):           </td></tr></table></center>\n
Action.c(157):       </TD>\n
Action.c(157):       <TD width="5%" >.<br/>.<br/>.<br/>.</TD>\n
Action.c(157):       <TD width="45%" valign=top><b>Invoice sent to:</b><br/>\n
Action.c(157):           <center>\n
Action.c(157):           <Table width="80%" cellspacing="0" > <tr> <td>\n
Action.c(157):                <br/>\n
Action.c(157):               acrobacy<br/>\n
Action.c(157):               agalinis<br/>\n
Action.c(157):               <br/>\n
Action.c(157):               Total Charge: $ 508 <BR/> (CC: x-3374)\n
Action.c(157):           </td> </tr> </table>\n
Action.c(157):           </center>\n
Action.c(157):       </TD>\n
Action.c(157):     </TR>\n
Action.c(157):     <TR bgcolor="#EFF2F7">\n
Action.c(157):       <TD COLSPAN="3">\n
Action.c(157):       <b>Flight Details:</b><BR/>  <center>\n
Action.c(157):       09/23/2020\n
Action.c(157):      :  8am : Flight 040 leaves Denver  for Paris.<br>  </center>\n
Action.c(157):       </TD>\n
Action.c(157):     </TR>\n
Action.c(157):     \n
Action.c(157):     <TR bgcolor="#EFF2F7">\n
Action.c(157):       <TD COLSPAN="4">\n
Action.c(157):       <hr/>\n
Action.c(157):       </TD>\n
Action.c(157):     </TR>\n
Action.c(157):     \n
Action.c(157):     <!-- Flight #1 -->\n
Action.c(157):     <TR bgcolor="#EFF2F7">\n
Action.c(157):       <TD width="5%" rowspan="2" align="left" valign="top">\n
Action.c(157):     <b>\n
Action.c(157):     <label><input type="checkbox" name="11" value="on" /></label></font></b>\n
Action.c(157):     <input type="hidden" name="flightID" value="124981863-0-"  />\n
Action.c(157):       </TD>\n
Action.c(157):       <TD width="45%" valign="top">\n
Action.c(157):           <b>&nbsp;&nbsp;3 Coach class tickets for :</b><br/>\n
Action.c(157):           <center><table border="0" width="85%"><tr><td>\n
Action.c(157):           <li><i>Ashanin Valeriy      <li><i>Gutakovskiy Afinodor      <li><i>Hanykov Merkuriy
Action.c(157):     \n
Action.c(157):           <li><i></i>\n
Action.c(157):           </td></tr></table></center>\n
Action.c(157):       </TD>\n
Action.c(157):       <TD width="5%" >.<br/>.<br/>.<br/>.</TD>\n
Action.c(157):       <TD width="45%" valign=top><b>Invoice sent to:</b><br/>\n
Action.c(157):           <center>\n
Action.c(157):           <Table width="80%" cellspacing="0" > <tr> <td>\n
Action.c(157):                <br/>\n
Action.c(157):               acrobacy<br/>\n
Action.c(157):               agalinis<br/>\n
Action.c(157):               <br/>\n
Action.c(157):               Total Charge: $ 960 <BR/> (CC: x-3374)\n
Action.c(157):           </td> </tr> </table>\n
Action.c(157):           </center>\n
Action.c(157):       </TD>\n
Action.c(157):     </TR>\n
Action.c(157):     <TR bgcolor="#EFF2F7">\n
Action.c(157):       <TD COLSPAN="3">\n
Action.c(157):       <b>Flight Details:</b><BR/>  <center>\n
Action.c(157):       09/23/2020\n
Action.c(157):      :  8am : Flight 510 leaves Portland  for Frankfurt.<br>  </center>\n
Action.c(157):       </TD>\n
Action.c(157):     </TR>\n
Action.c(157):     \n
Action.c(157):     <TR bgcolor="#EFF2F7">\n
Action.c(157):       <TD COLSPAN="4">\n
Action.c(157):       <hr/>\n
Action.c(157):       </TD>\n
Action.c(157):     </TR>\n
Action.c(157):     \n
Action.c(157):     <!-- Flight #1 -->\n
Action.c(157):     <TR bgcolor="#EFF2F7">\n
Action.c(157):       <TD width="5%" rowspan="2" align="left" valign="top">\n
Action.c(157):     <b>\n
Action.c(157):     <label><input type="checkbox" name="12" value="on" /></label></font></b>\n
Action.c(157):     <input type="hidden" name="flightID" value="12499288-984913-"  />\n
Action.c(157):       </TD>\n
Action.c(157):       <TD width="45%" valign="top">\n
Action.c(157):           <b>&nbsp;&nbsp;2 Coach class tickets for :</b><br/>\n
Action.c(157):           <center><table border="0" width="85%"><tr><td>\n
Action.c(157):           <li><i>Ashanin Valeriy      <li><i>Gutakovskiy Afinodor\n
Action.c(157):           <li><i></i>\n
Action.c(157):           </td></tr></table></center>\n
Action.c(157):       </TD>\n
Action.c(157):       <TD width="5%" >.<br/>.<br/>.<br/>.</TD>\n
Action.c(157):       <TD width="45%" valign=top><b>Invoice sent to:</b><br/>\n
Action.c(157):           <center>\n
Action.c(157):           <Table width="80%" cellspacing="0" > <tr> <td>\n
Action.c(157):                <br/>\n
Action.c(157):               acrobacy<br/>\n
Action.c(157):               agalinis<br/>\n
Action.c(157):               <br/>\n
Action.c(157):               Total Charge: $ 3880 <BR/> (CC: x-3374)\n
Action.c(157):           </td> </tr> </table>\n
Action.c(157):           </center>\n
Action.c(157):       </TD>\n
Action.c(157):     </TR>\n
Action.c(157):     <TR bgcolor="#EFF2F7">\n
Action.c(157):       <TD COLSPAN="3">\n
Action.c(157):       <b>Flight Details:</b><BR/>  <center>\n
Action.c(157):       09/23/2020\n
Action.c(157):      :  8am : Flight 80 leaves Denver  for Sydney.<br>  09/29/2020\n
Action.c(157):      :  8am : Flight 80 leaves Denver  for Sydney.<br>  </center>\n
Action.c(157):       </TD>\n
Action.c(157):     </TR>\n
Action.c(157):     \n
Action.c(157):     <TR bgcolor="#EFF2F7">\n
Action.c(157):       <TD COLSPAN="4">\n
Action.c(157):       <hr/>\n
Action.c(157):       </TD>\n
Action.c(157):     </TR>\n
Action.c(157):     \n
Action.c(157):     <!-- Flight #1 -->\n
Action.c(157):     <TR bgcolor="#EFF2F7">\n
Action.c(157):       <TD width="5%" rowspan="2" align="left" valign="top">\n
Action.c(157):     <b>\n
Action.c(157):     <label><input type="checkbox" name="13" value="on" /></label></font></b>\n
Action.c(157):     <input type="hidden" name="flightID" value="1249748201-10246495-AV"  />\n
Action.c(157):       </TD>\n
Action.c(157):       <TD width="45%" valign="top">\n
Action.c(157):           <b>&nbsp;&nbsp;2 First class tickets for :</b><br/>\n
Action.c(157):           <center><table border="0" width="85%"><tr><td>\n
Action.c(157):           <li><i>Ashanin Valeriy      <li><i>Gutakovskiy Afinodor\n
Action.c(157):           <li><i></i>\n
Action.c(157):           </td></tr></table></center>\n
Action.c(157):       </TD>\n
Action.c(157):       <TD width="5%" >.<br/>.<br/>.<br/>.</TD>\n
Action.c(157):       <TD width="45%" valign=top><b>Invoice sent to:</b><br/>\n
Action.c(157):           <center>\n
Action.c(157):           <Table width="80%" cellspacing="0" > <tr> <td>\n
Action.c(157):               Ashanin Valeriy\n
Action.c(157):     <br/>\n
Action.c(157):               acrobacy<br/>\n
Action.c(157):               agalinis<br/>\n
Action.c(157):               <br/>\n
Action.c(157):               Total Charge: $ 4444 <BR/> (CC: x-3374)\n
Action.c(157):           </td> </tr> </table>\n
Action.c(157):           </center>\n
Action.c(157):       </TD>\n
Action.c(157):     </TR>\n
Action.c(157):     <TR bgcolor="#EFF2F7">\n
Action.c(157):       <TD COLSPAN="3">\n
Action.c(157):       <b>Flight Details:</b><BR/>  <center>\n
Action.c(157):       09/23/2020\n
Action.c(157):      :  8am : Flight 320 leaves Los Angeles  for London.<br>  09/29/2020\n
Action.c(157):      :  8am : Flight 320 leaves Los Angeles  for London.<br>  </center>\n
Action.c(157):       </TD>\n
Action.c(157):     </TR>\n
Action.c(157):     \n
Action.c(157):     <TR bgcolor="#EFF2F7">\n
Action.c(157):       <TD COLSPAN="4">\n
Action.c(157):       <hr/>\n
Action.c(157):       </TD>\n
Action.c(157):     </TR>\n
Action.c(157):     <TR>\n
Action.c(157):        <TD align="center" COLSPAN="4">\n
Action.c(157):        <b>A total of 13 scheduled flights.</font></b>\n
Action.c(157):        </TD>\n
Action.c(157):     </TR>\n
Action.c(157):     </TABLE>\n
Action.c(157):     \n
Action.c(157):     <TABLE WIDTH="87%" BORDER="0" CELLSPACING="0">\n
Action.c(157):     <TR>\n
Action.c(157):     <TD align="left" width="50%" >\n
Action.c(157):     <input type="image" name="removeFlights" src="/WebTours/im
Action.c(157): Notify: Saving Parameter "flight_id_4 = 124964468-3384817-AV".	[MsgId: MMSG-13798]
Action.c(157): Notify: Saving Parameter "flight_id_5 = 1249714856-0-AV".	[MsgId: MMSG-13798]
Action.c(157): Notify: Saving Parameter "flight_id_6 = 12498780-0-".	[MsgId: MMSG-13798]
Action.c(157): Notify: Saving Parameter "flight_id_7 = 12499288-0-".	[MsgId: MMSG-13798]
Action.c(157): Notify: Saving Parameter "flight_id_8 = 124981874-6400264-".	[MsgId: MMSG-13798]
Action.c(157): Notify: Saving Parameter "flight_id_9 = 124974843-0-AV".	[MsgId: MMSG-13798]
Action.c(157): Notify: Saving Parameter "flight_id_10 = 124964463-0-".	[MsgId: MMSG-13798]
Action.c(157): Notify: Saving Parameter "flight_id_11 = 124981863-0-".	[MsgId: MMSG-13798]
Action.c(157): Notify: Saving Parameter "flight_id_12 = 12499288-984913-".	[MsgId: MMSG-13798]
Action.c(157): Notify: Saving Parameter "flight_id_13 = 1249748201-10246495-AV".	[MsgId: MMSG-13798]
Action.c(157): Notify: Saving Parameter "flights_numbers = 13".	[MsgId: MMSG-13798]
Action.c(157): t=1246843ms: 7-byte chunked response overhead for "http://localhost:1080/cgi-bin/itinerary.pl" (RelFrameId=1, Internal ID=347)
Action.c(157):     \r\n
Action.c(157):     388\r\n
Action.c(157): t=1246843ms: 7-byte chunked response overhead for "http://localhost:1080/cgi-bin/itinerary.pl" (RelFrameId=1, Internal ID=347)
Action.c(157):     \r\n
Action.c(157):     0\r\n
Action.c(157):     \r\n
Action.c(157): t=1246843ms: 927-byte chunked response body for "http://localhost:1080/cgi-bin/itinerary.pl" (RelFrameId=1, Internal ID=347)
Action.c(157):     ages/cancelreservation.gif" border="0" /></TD>\n
Action.c(157):     <TD align="right" width="50%" >\n
Action.c(157):     <input type="image" name="removeAllFlights" src="/WebTours/images/cancelallreservations.gi
Action.c(157):     f" border="0" /></TD>\n
Action.c(157):     </TABLE>\n
Action.c(157):     \n
Action.c(157):     <div><input type="hidden" name=".cgifields" value="6"  /><input type="hidden" name=".cgifi
Action.c(157):     elds" value="11"  /><input type="hidden" name=".cgifields" value="3"  /><input type="hidde
Action.c(157):     n" name=".cgifields" value="7"  /><input type="hidden" name=".cgifields" value="9"  /><inp
Action.c(157):     ut type="hidden" name=".cgifields" value="12"  /><input type="hidden" name=".cgifields" va
Action.c(157):     lue="2"  /><input type="hidden" name=".cgifields" value="8"  /><input type="hidden" name="
Action.c(157):     .cgifields" value="1"  /><input type="hidden" name=".cgifields" value="4"  /><input type="
Action.c(157):     hidden" name=".cgifields" value="13"  /><input type="hidden" name=".cgifields" value="10" 
Action.c(157):      /><input type="hidden" name=".cgifields" value="5"  /></div></form>\n
Action.c(157):     \n
Action.c(157):     </center>\n
Action.c(157):     \n
Action.c(157):     </body>\n
Action.c(157):     </html>
Action.c(157): Resource "http://localhost:1080/WebTours/images/cancelreservation.gif" is in the cache already and will not be downloaded again  	[MsgId: MMSG-26655]
Action.c(157): Resource "http://localhost:1080/WebTours/images/cancelallreservations.gif" is in the cache already and will not be downloaded again  	[MsgId: MMSG-26655]
Action.c(157): t=1246962ms: 256-byte response headers for "http://localhost:1080/cgi-bin/itinerary.pl" (RelFrameId=, Internal ID=348)
Action.c(157):     HTTP/1.1 200 OK\r\n
Action.c(157):     Date: Tue, 22 Sep 2020 14:00:50 GMT\r\n
Action.c(157):     Server: Apache/2.2.21 (Win32)\r\n
Action.c(157):     Expires: Mon, 21 Sep 2020 14:00:50 GMT\r\n
Action.c(157):     Keep-Alive: timeout=5, max=100\r\n
Action.c(157):     Connection: Keep-Alive\r\n
Action.c(157):     Transfer-Encoding: chunked\r\n
Action.c(157):     Content-Type: text/html; charset=ISO-8859-1\r\n
Action.c(157):     \r\n
Action.c(157): t=1246963ms: 5-byte chunked response overhead for "http://localhost:1080/cgi-bin/itinerary.pl" (RelFrameId=, Internal ID=348)
Action.c(157):     f84\r\n
Action.c(157): t=1246963ms: 2-byte chunked response overhead for "http://localhost:1080/cgi-bin/itinerary.pl" (RelFrameId=, Internal ID=348)
Action.c(157):     \r\n
Action.c(157): t=1246963ms: 3972-byte chunked response body for "http://localhost:1080/cgi-bin/itinerary.pl" (RelFrameId=, Internal ID=348)
Action.c(157):     <!DOCTYPE html\n
Action.c(157):     \tPUBLIC "-//W3C//DTD XHTML 1.0 Transitional//EN"\n
Action.c(157):     \t "http://www.w3.org/TR/xhtml1/DTD/xhtml1-transitional.dtd">\n
Action.c(157):     <html xmlns="http://www.w3.org/1999/xhtml" lang="en-US" xml:lang="en-US">\n
Action.c(157):     <head>\n
Action.c(157):     <title>Flights List</title>\n
Action.c(157):     <meta http-equiv="Content-Type" content="text/html; charset=iso-8859-1" />\n
Action.c(157):     </head>\n
Action.c(157):     <body bgcolor="#E0E7F1">\n
Action.c(157):     <style>blockquote {font-family: tahoma; font-size : 10pt}H1 {font-family: tahoma; font-siz
Action.c(157):     e : 22pt; color: #993333}small {font-family: tahoma; font-size : 8pt}H3 {font-family: taho
Action.c(157):     ma; font-size : 10pt; color: black}TD {font-family: tahoma; font-size : 8pt; color: black}
Action.c(157):     </style><BR/><BR/><h1><font color="#003366">&nbsp;&nbsp;<b>Itinerary</font></b></h1><block
Action.c(157):     quote><form method="post" action="itinerary.pl" enctype="application/x-www-form-urlencoded
Action.c(157):     ">\n
Action.c(157):     <center>\n
Action.c(157):     <TABLE BORDER="0" WIDTH="85%" CELLSPACING="0">\n
Action.c(157):     <TR bgcolor="#5E7884">\n
Action.c(157):       <TD colspan="4" align="center"><font color="white"><B>Ashanin Valeriy\n
Action.c(157):      's Flight Transaction Summary</B></color></TD></TR>\n
Action.c(157):     \n
Action.c(157):     <!-- Flight #1 -->\n
Action.c(157):     <TR bgcolor="#EFF2F7">\n
Action.c(157):       <TD width="5%" rowspan="2" align="left" valign="top">\n
Action.c(157):     <b>\n
Action.c(157):     <label><input type="checkbox" name="1" value="on" /></label></font></b>\n
Action.c(157):     <input type="hidden" name="flightID" value="124974843-946391-AV"  />\n
Action.c(157):       </TD>\n
Action.c(157):       <TD width="45%" valign="top">\n
Action.c(157):           <b>&nbsp;&nbsp;2 Coach class tickets for :</b><br/>\n
Action.c(157):           <center><table border="0" width="85%"><tr><td>\n
Action.c(157):           <li><i>Ashanin Valeriy      <li><i>Gutakovskiy Afinodor\n
Action.c(157):           <li><i></i>\n
Action.c(157):           </td></tr></table></center>\n
Action.c(157):       </TD>\n
Action.c(157):       <TD width="5%" >.<br/>.<br/>.<br/>.</TD>\n
Action.c(157):       <TD width="45%" valign=top><b>Invoice sent to:</b><br/>\n
Action.c(157):           <center>\n
Action.c(157):           <Table width="80%" cellspacing="0" > <tr> <td>\n
Action.c(157):               Ashanin Valeriy\n
Action.c(157):     <br/>\n
Action.c(157):               acrobacy<br/>\n
Action.c(157):               agalinis<br/>\n
Action.c(157):               <br/>\n
Action.c(157):               Total Charge: $ 3092 <BR/> (CC: x-3374)\n
Action.c(157):           </td> </tr> </table>\n
Action.c(157):           </center>\n
Action.c(157):       </TD>\n
Action.c(157):     </TR>\n
Action.c(157):     <TR bgcolor="#EFF2F7">\n
Action.c(157):       <TD COLSPAN="3">\n
Action.c(157):       <b>Flight Details:</b><BR/>  <center>\n
Action.c(157):       09/22/2020\n
Action.c(157):      :  8am : Flight 320 leaves Los Angeles  for London.<br>  09/29/2020\n
Action.c(157):      :  8am : Flight 230 leaves London  for Los Angeles.<br>  </center>\n
Action.c(157):       </TD>\n
Action.c(157):     </TR>\n
Action.c(157):     \n
Action.c(157):     <TR bgcolor="#EFF2F7">\n
Action.c(157):       <TD COLSPAN="4">\n
Action.c(157):       <hr/>\n
Action.c(157):       </TD>\n
Action.c(157):     </TR>\n
Action.c(157):     \n
Action.c(157):     <!-- Flight #1 -->\n
Action.c(157):     <TR bgcolor="#EFF2F7">\n
Action.c(157):       <TD width="5%" rowspan="2" align="left" valign="top">\n
Action.c(157):     <b>\n
Action.c(157):     <label><input type="checkbox" name="2" value="on" /></label></font></b>\n
Action.c(157):     <input type="hidden" name="flightID" value="1249696381-0-AV"  />\n
Action.c(157):       </TD>\n
Action.c(157):       <TD width="45%" valign="top">\n
Action.c(157):           <b>&nbsp;&nbsp;A First class ticket for :</b><br/>\n
Action.c(157):           <center><table border="0" width="85%"><tr><td>\n
Action.c(157):           <li><i>Ashanin Valeriy\n
Action.c(157):           <li><i></i>\n
Action.c(157):           </td></tr></table></center>\n
Action.c(157):       </TD>\n
Action.c(157):       <TD width="5%" >.<br/>.<br/>.<br/>.</TD>\n
Action.c(157):       <TD width="45%" valign=top><b>Invoice sent to:</b><br/>\n
Action.c(157):           <center>\n
Action.c(157):           <Table width="80%" cellspacing="0" > <tr> <td>\n
Action.c(157):               Ashanin Valeriy\n
Action.c(157):     <br/>\n
Action.c(157):               acrobacy<br/>\n
Action.c(157):               agalinis<br/>\n
Action.c(157):               <br/>\n
Action.c(157):               Total Charge: $ 2287 <BR/> (CC: x-3374)\n
Action.c(157):           </td> </tr> </table>\n
Action.c(157):           </center>\n
Action.c(157):       </TD>\n
Action.c(157):     </TR>\n
Action.c(157):     <TR bgcolor="#EFF2F7">\n
Action.c(157):       <TD COLSPAN="3">\n
Action.c(157):       <b>Flight Details:</b><BR/>  <center>\n
Action.c(157):       09/23/2020\n
Action.c(157):      :  8am : Flight 180 leaves Frankfurt  for Sydney.<br>  </center>\n
Action.c(157):       </TD>\n
Action.c(157):     </TR>\n
Action.c(157):     \n
Action.c(157):     <TR bgcolor="#EFF2F7">\n
Action.c(157):       <TD COLSPAN="4">\n
Action.c(157):       <hr/>\n
Action.c(157):       </TD>\n
Action.c(157):     </TR>\n
Action.c(157):     \n
Action.c(157):     <!-- Flight #1 -->\n
Action.c(157):     <TR bgcolor="#EFF2F7">\n
Action.c(157):       <TD width="5%" rowspan="2" align="left" valign="top">\n
Action.c(157):     <b>\n
Action.c(157):     <label><input type="checkbox" name="3" value="on" /></label></font></b>\n
Action.c(157):     <input type="hidden" name="flightID" value="1249696381-29308747-"  />\n
Action.c(157):       </TD>\n
Action.c(157):       <TD width="45%" valign="top">\n
Action.c(157):           <b>&nbsp;&nbsp;3 First class tickets for :</b><br/>\n
Action.c(157):           <center><table border="0" width="85%"><tr><td>\n
Action.c(157):           <li><i>Ashanin Valeriy      <li><i>Gutakovskiy Afinodor      <li><i>Hanykov Merkuriy
Action.c(157):     \n
Action.c(157):           <li><i></i>\n
Action.c(157):           </td></tr></table></center>\n
Action.c(157):       </TD>\n
Action.c(157):       <TD width="5%" >.<br/>.<br/>.<br/>.</TD>\n
Action.c(157):       <TD width="45%" valign=top><b>Invoice sent to:</b><br/>\n
Action.c(157):           <center>\n
Action.c(157):           <Table width=
Action.c(157): Notify: Saving Parameter "flight_id_14 = 124974843-946391-AV".	[MsgId: MMSG-13798]
Action.c(157): Notify: Saving Parameter "flight_id_15 = 1249696381-0-AV".	[MsgId: MMSG-13798]
Action.c(157): Notify: Saving Parameter "flight_id_16 = 1249696381-29308747-".	[MsgId: MMSG-13798]
Action.c(157): t=1246971ms: 6-byte chunked response overhead for "http://localhost:1080/cgi-bin/itinerary.pl" (RelFrameId=, Internal ID=348)
Action.c(157):     1000\r\n
Action.c(157): t=1246971ms: 8-byte chunked response overhead for "http://localhost:1080/cgi-bin/itinerary.pl" (RelFrameId=, Internal ID=348)
Action.c(157):     \r\n
Action.c(157):     1000\r\n
Action.c(157): t=1246971ms: 8-byte chunked response overhead for "http://localhost:1080/cgi-bin/itinerary.pl" (RelFrameId=, Internal ID=348)
Action.c(157):     \r\n
Action.c(157):     1000\r\n
Action.c(157): t=1246971ms: 12265-byte chunked response body for "http://localhost:1080/cgi-bin/itinerary.pl" (RelFrameId=, Internal ID=348)
Action.c(157):     "80%" cellspacing="0" > <tr> <td>\n
Action.c(157):                <br/>\n
Action.c(157):               acrobacy<br/>\n
Action.c(157):               agalinis<br/>\n
Action.c(157):               <br/>\n
Action.c(157):               Total Charge: $ 13722 <BR/> (CC: x-3374)\n
Action.c(157):           </td> </tr> </table>\n
Action.c(157):           </center>\n
Action.c(157):       </TD>\n
Action.c(157):     </TR>\n
Action.c(157):     <TR bgcolor="#EFF2F7">\n
Action.c(157):       <TD COLSPAN="3">\n
Action.c(157):       <b>Flight Details:</b><BR/>  <center>\n
Action.c(157):       09/22/2020\n
Action.c(157):      :  8am : Flight 180 leaves Frankfurt  for Sydney.<br>  09/29/2020\n
Action.c(157):      :  8am : Flight 810 leaves Sydney  for Frankfurt.<br>  </center>\n
Action.c(157):       </TD>\n
Action.c(157):     </TR>\n
Action.c(157):     \n
Action.c(157):     <TR bgcolor="#EFF2F7">\n
Action.c(157):       <TD COLSPAN="4">\n
Action.c(157):       <hr/>\n
Action.c(157):       </TD>\n
Action.c(157):     </TR>\n
Action.c(157):     \n
Action.c(157):     <!-- Flight #1 -->\n
Action.c(157):     <TR bgcolor="#EFF2F7">\n
Action.c(157):       <TD width="5%" rowspan="2" align="left" valign="top">\n
Action.c(157):     <b>\n
Action.c(157):     <label><input type="checkbox" name="4" value="on" /></label></font></b>\n
Action.c(157):     <input type="hidden" name="flightID" value="124964468-3384817-AV"  />\n
Action.c(157):       </TD>\n
Action.c(157):       <TD width="45%" valign="top">\n
Action.c(157):           <b>&nbsp;&nbsp;2 First class tickets for :</b><br/>\n
Action.c(157):           <center><table border="0" width="85%"><tr><td>\n
Action.c(157):           <li><i>Ashanin Valeriy      <li><i>Gutakovskiy Afinodor\n
Action.c(157):           <li><i></i>\n
Action.c(157):           </td></tr></table></center>\n
Action.c(157):       </TD>\n
Action.c(157):       <TD width="5%" >.<br/>.<br/>.<br/>.</TD>\n
Action.c(157):       <TD width="45%" valign=top><b>Invoice sent to:</b><br/>\n
Action.c(157):           <center>\n
Action.c(157):           <Table width="80%" cellspacing="0" > <tr> <td>\n
Action.c(157):               Ashanin Valeriy\n
Action.c(157):     <br/>\n
Action.c(157):               acrobacy<br/>\n
Action.c(157):               agalinis<br/>\n
Action.c(157):               <br/>\n
Action.c(157):               Total Charge: $ 2628 <BR/> (CC: x-3374)\n
Action.c(157):           </td> </tr> </table>\n
Action.c(157):           </center>\n
Action.c(157):       </TD>\n
Action.c(157):     </TR>\n
Action.c(157):     <TR bgcolor="#EFF2F7">\n
Action.c(157):       <TD COLSPAN="3">\n
Action.c(157):       <b>Flight Details:</b><BR/>  <center>\n
Action.c(157):       09/23/2020\n
Action.c(157):      :  8am : Flight 040 leaves Denver  for Paris.<br>  09/29/2020\n
Action.c(157):      :  8am : Flight 400 leaves Paris  for Denver.<br>  </center>\n
Action.c(157):       </TD>\n
Action.c(157):     </TR>\n
Action.c(157):     \n
Action.c(157):     <TR bgcolor="#EFF2F7">\n
Action.c(157):       <TD COLSPAN="4">\n
Action.c(157):       <hr/>\n
Action.c(157):       </TD>\n
Action.c(157):     </TR>\n
Action.c(157):     \n
Action.c(157):     <!-- Flight #1 -->\n
Action.c(157):     <TR bgcolor="#EFF2F7">\n
Action.c(157):       <TD width="5%" rowspan="2" align="left" valign="top">\n
Action.c(157):     <b>\n
Action.c(157):     <label><input type="checkbox" name="5" value="on" /></label></font></b>\n
Action.c(157):     <input type="hidden" name="flightID" value="1249714856-0-AV"  />\n
Action.c(157):       </TD>\n
Action.c(157):       <TD width="45%" valign="top">\n
Action.c(157):           <b>&nbsp;&nbsp;A Business class ticket for :</b><br/>\n
Action.c(157):           <center><table border="0" width="85%"><tr><td>\n
Action.c(157):           <li><i>Ashanin Valeriy\n
Action.c(157):           <li><i></i>\n
Action.c(157):           </td></tr></table></center>\n
Action.c(157):       </TD>\n
Action.c(157):       <TD width="5%" >.<br/>.<br/>.<br/>.</TD>\n
Action.c(157):       <TD width="45%" valign=top><b>Invoice sent to:</b><br/>\n
Action.c(157):           <center>\n
Action.c(157):           <Table width="80%" cellspacing="0" > <tr> <td>\n
Action.c(157):               Ashanin Valeriy\n
Action.c(157):     <br/>\n
Action.c(157):               acrobacy<br/>\n
Action.c(157):               agalinis<br/>\n
Action.c(157):               <br/>\n
Action.c(157):               Total Charge: $ 1121 <BR/> (CC: x-3374)\n
Action.c(157):           </td> </tr> </table>\n
Action.c(157):           </center>\n
Action.c(157):       </TD>\n
Action.c(157):     </TR>\n
Action.c(157):     <TR bgcolor="#EFF2F7">\n
Action.c(157):       <TD COLSPAN="3">\n
Action.c(157):       <b>Flight Details:</b><BR/>  <center>\n
Action.c(157):       09/23/2020\n
Action.c(157):      :  8am : Flight 230 leaves London  for Los Angeles.<br>  </center>\n
Action.c(157):       </TD>\n
Action.c(157):     </TR>\n
Action.c(157):     \n
Action.c(157):     <TR bgcolor="#EFF2F7">\n
Action.c(157):       <TD COLSPAN="4">\n
Action.c(157):       <hr/>\n
Action.c(157):       </TD>\n
Action.c(157):     </TR>\n
Action.c(157):     \n
Action.c(157):     <!-- Flight #1 -->\n
Action.c(157):     <TR bgcolor="#EFF2F7">\n
Action.c(157):       <TD width="5%" rowspan="2" align="left" valign="top">\n
Action.c(157):     <b>\n
Action.c(157):     <label><input type="checkbox" name="6" value="on" /></label></font></b>\n
Action.c(157):     <input type="hidden" name="flightID" value="12498780-0-"  />\n
Action.c(157):       </TD>\n
Action.c(157):       <TD width="45%" valign="top">\n
Action.c(157):           <b>&nbsp;&nbsp;3 Coach class tickets for :</b><br/>\n
Action.c(157):           <center><table border="0" width="85%"><tr><td>\n
Action.c(157):           <li><i>Ashanin Valeriy      <li><i>Gutakovskiy Afinodor      <li><i>Hanykov Merkuriy
Action.c(157):     \n
Action.c(157):           <li><i></i>\n
Action.c(157):           </td></tr></table></center>\n
Action.c(157):       </TD>\n
Action.c(157):       <TD width="5%" >.<br/>.<br/>.<br/>.</TD>\n
Action.c(157):       <TD width="45%" valign=top><b>Invoice sent to:</b><br/>\n
Action.c(157):           <center>\n
Action.c(157):           <Table width="80%" cellspacing="0" > <tr> <td>\n
Action.c(157):                <br/>\n
Action.c(157):               acrobacy<br/>\n
Action.c(157):               agalinis<br/>\n
Action.c(157):               <br/>\n
Action.c(157):               Total Charge: $ 258 <BR/> (CC: x-3374)\n
Action.c(157):           </td> </tr> </table>\n
Action.c(157):           </center>\n
Action.c(157):       </TD>\n
Action.c(157):     </TR>\n
Action.c(157):     <TR bgcolor="#EFF2F7">\n
Action.c(157):       <TD COLSPAN="3">\n
Action.c(157):       <b>Flight Details:</b><BR/>  <center>\n
Action.c(157):       09/23/2020\n
Action.c(157):      :  8am : Flight 670 leaves San Francisco  for Seattle.<br>  </center>\n
Action.c(157):       </TD>\n
Action.c(157):     </TR>\n
Action.c(157):     \n
Action.c(157):     <TR bgcolor="#EFF2F7">\n
Action.c(157):       <TD COLSPAN="4">\n
Action.c(157):       <hr/>\n
Action.c(157):       </TD>\n
Action.c(157):     </TR>\n
Action.c(157):     \n
Action.c(157):     <!-- Flight #1 -->\n
Action.c(157):     <TR bgcolor="#EFF2F7">\n
Action.c(157):       <TD width="5%" rowspan="2" align="left" valign="top">\n
Action.c(157):     <b>\n
Action.c(157):     <label><input type="checkbox" name="7" value="on" /></label></font></b>\n
Action.c(157):     <input type="hidden" name="flightID" value="12499288-0-"  />\n
Action.c(157):       </TD>\n
Action.c(157):       <TD width="45%" valign="top">\n
Action.c(157):           <b>&nbsp;&nbsp;3 Coach class tickets for :</b><br/>\n
Action.c(157):           <center><table border="0" width="85%"><tr><td>\n
Action.c(157):           <li><i>Ashanin Valeriy      <li><i>Gutakovskiy Afinodor      <li><i>Hanykov Merkuriy
Action.c(157):     \n
Action.c(157):           <li><i></i>\n
Action.c(157):           </td></tr></table></center>\n
Action.c(157):       </TD>\n
Action.c(157):       <TD width="5%" >.<br/>.<br/>.<br/>.</TD>\n
Action.c(157):       <TD width="45%" valign=top><b>Invoice sent to:</b><br/>\n
Action.c(157):           <center>\n
Action.c(157):           <Table width="80%" cellspacing="0" > <tr> <td>\n
Action.c(157):                <br/>\n
Action.c(157):               acrobacy<br/>\n
Action.c(157):               agalinis<br/>\n
Action.c(157):               <br/>\n
Action.c(157):               Total Charge: $ 2376 <BR/> (CC: x-3374)\n
Action.c(157):           </td> </tr> </table>\n
Action.c(157):           </center>\n
Action.c(157):       </TD>\n
Action.c(157):     </TR>\n
Action.c(157):     <TR bgcolor="#EFF2F7">\n
Action.c(157):       <TD COLSPAN="3">\n
Action.c(157):       <b>Flight Details:</b><BR/>  <center>\n
Action.c(157):       09/23/2020\n
Action.c(157):      :  8am : Flight 80 leaves Denver  for Sydney.<br>  </center>\n
Action.c(157):       </TD>\n
Action.c(157):     </TR>\n
Action.c(157):     \n
Action.c(157):     <TR bgcolor="#EFF2F7">\n
Action.c(157):       <TD COLSPAN="4">\n
Action.c(157):       <hr/>\n
Action.c(157):       </TD>\n
Action.c(157):     </TR>\n
Action.c(157):     \n
Action.c(157):     <!-- Flight #1 -->\n
Action.c(157):     <TR bgcolor="#EFF2F7">\n
Action.c(157):       <TD width="5%" rowspan="2" align="left" valign="top">\n
Action.c(157):     <b>\n
Action.c(157):     <label><input type="checkbox" name="8" value="on" /></label></font></b>\n
Action.c(157):     <input type="hidden" name="flightID" value="124981874-6400264-"  />\n
Action.c(157):       </TD>\n
Action.c(157):       <TD width="45%" valign="top">\n
Action.c(157):           <b>&nbsp;&nbsp;2 First class tickets for :</b><br/>\n
Action.c(157):           <center><table border="0" width="85%"><tr><td>\n
Action.c(157):           <li><i>Ashanin Valeriy      <li><i>Gutakovskiy Afinodor\n
Action.c(157):           <li><i></i>\n
Action.c(157):           </td></tr></table></center>\n
Action.c(157):       </TD>\n
Action.c(157):       <TD width="5%" >.<br/>.<br/>.<br/>.</TD>\n
Action.c(157):       <TD width="45%" valign=top><b>Invoice sent to:</b><br/>\n
Action.c(157):           <center>\n
Action.c(157):           <Table width="80%" cellspacing="0" > <tr> <td>\n
Action.c(157):                <br/>\n
Action.c(157):               acrobacy<br/>\n
Action.c(157):               agalinis<br/>\n
Action.c(157):               <br/>\n
Action.c(157):               Total Charge: $ 3442 <BR/> (CC: x-3374)\n
Action.c(157):           </td> </tr> </table>\n
Action.c(157):           </center>\n
Action.c(157):       </TD>\n
Action.c(157):     </TR>\n
Action.c(157):     <TR bgcolor="#EFF2F7">\n
Action.c(157):       <TD COLSPAN="3">\n
Action.c(157):       <b>Flight Details:</b><BR/>  <center>\n
Action.c(157):       09/23/2020\n
Action.c(157):      :  8am : Flight 510 leaves Portland  for Frankfurt.<br>  09/29/2020\n
Action.c(157):      :  8am : Flight 320 leaves Los Angeles  for London.<br>  </center>\n
Action.c(157):       </TD>\n
Action.c(157):     </TR>\n
Action.c(157):     \n
Action.c(157):     <TR bgcolor="#EFF2F7">\n
Action.c(157):       <TD COLSPAN="4">\n
Action.c(157):       <hr/>\n
Action.c(157):       </TD>\n
Action.c(157):     </TR>\n
Action.c(157):     \n
Action.c(157):     <!-- Flight #1 -->\n
Action.c(157):     <TR bgcolor="#EFF2F7">\n
Action.c(157):       <TD width="5%" rowspan="2" align="left" valign="top">\n
Action.c(157):     <b>\n
Action.c(157):     <label><input type="checkbox" name="9" value="on" /></label></font></b>\n
Action.c(157):     <input type="hidden" name="flightID" value="124974843-0-AV"  />\n
Action.c(157):       </TD>\n
Action.c(157):       <TD width="45%" valign="top">\n
Action.c(157):           <b>&nbsp;&nbsp;3 Coach class tickets for :</b><br/>\n
Action.c(157):           <center><table border="0" width="85%"><tr><td>\n
Action.c(157):           <li><i>Ashanin Valeriy      <li><i>Gutakovskiy Afinodor      <li><i>Hanykov Merkuriy
Action.c(157):     \n
Action.c(157):           <li><i></i>\n
Action.c(157):           </td></tr></table></center>\n
Action.c(157):       </TD>\n
Action.c(157):       <TD width="5%" >.<br/>.<br/>.<br/>.</TD>\n
Action.c(157):       <TD width="45%" valign=top><b>Invoice sent to:</b><br/>\n
Action.c(157):           <center>\n
Action.c(157):           <Table width="80%" cellspacing="0" > <tr> <td>\n
Action.c(157):               Ashanin Valeriy\n
Action.c(157):     <br/>\n
Action.c(157):               acrobacy<br/>\n
Action.c(157):               agalinis<br/>\n
Action.c(157):               <br/>\n
Action.c(157):               Total Charge: $ 2319 <BR/> (CC: x-3374)\n
Action.c(157):           </td> </tr> </table>\n
Action.c(157):           </center>\n
Action.c(157):       </TD>\n
Action.c(157):     </TR>\n
Action.c(157):     <TR bgcolor="#EFF2F7">\n
Action.c(157):       <TD COLSPAN="3">\n
Action.c(157):       <b>Flight Details:</b><BR/>  <center>\n
Action.c(157):       09/23/2020\n
Action.c(157):      :  8am : Flight 320 leaves Los Angeles  for London.<br>  </center>\n
Action.c(157):       </TD>\n
Action.c(157):     </TR>\n
Action.c(157):     \n
Action.c(157):     <TR bgcolor="#EFF2F7">\n
Action.c(157):       <TD COLSPAN="4">\n
Action.c(157):       <hr/>\n
Action.c(157):       </TD>\n
Action.c(157):     </TR>\n
Action.c(157):     \n
Action.c(157):     <!-- Flight #1 -->\n
Action.c(157):     <TR bgcolor="#EFF2F7">\n
Action.c(157):       <TD width="5%" rowspan="2" align="left" valign="top">\n
Action.c(157):     <b>\n
Action.c(157):     <label><input type="checkbox" name="10" value="on" /></label></font></b>\n
Action.c(157):     <input type="hidden" name="flightID" value="124964463-0-"  />\n
Action.c(157):       </TD>\n
Action.c(157):       <TD width="45%" valign="top">\n
Action.c(157):           <b>&nbsp;&nbsp;A Business class ticket for :</b><br/>\n
Action.c(157):           <center><table border="0" width="85%"><tr><td>\n
Action.c(157):           <li><i>Ashanin Valeriy\n
Action.c(157):           <li><i></i>\n
Action.c(157):           </td></tr></table></center>\n
Action.c(157):       </TD>\n
Action.c(157):       <TD width="5%" >.<br/>.<br/>.<br/>.</TD>\n
Action.c(157):       <TD width="45%" valign=top><b>Invoice sent to:</b><br/>\n
Action.c(157):           <center>\n
Action.c(157):           <Table width="80%" cellspacing="0" > <tr> <td>\n
Action.c(157):                <br/>\n
Action.c(157):               acrobacy<br/>\n
Action.c(157):               agalinis<br/>\n
Action.c(157):               <br/>\n
Action.c(157):               Total Charge: $ 508 <BR/> (CC: x-3374)\n
Action.c(157):           </td> </tr> </table>\n
Action.c(157):           </center>\n
Action.c(157):       </TD>\n
Action.c(157):     </TR>\n
Action.c(157):     <TR bgcolor="#EFF2F7">\n
Action.c(157):       <TD COLSPAN="3">\n
Action.c(157):       <b>Flight Details:</b><BR/>  <center>\n
Action.c(157):       09/23/2020\n
Action.c(157):      :  8am : Flight 040 leaves Denver  for Paris.<br>  </center>\n
Action.c(157):       </TD>\n
Action.c(157):     </TR>\n
Action.c(157):     \n
Action.c(157):     <TR bgcolor="#EFF2F7">\n
Action.c(157):       <TD COLSPAN="4">\n
Action.c(157):       <hr/>\n
Action.c(157):       </TD>\n
Action.c(157):     </TR>\n
Action.c(157):     \n
Action.c(157):     <!-- Flight #1 -->\n
Action.c(157):     <TR bgcolor="#EFF2F7">\n
Action.c(157):       <TD width="5%" rowspan="2" align="left" valign="top">\n
Action.c(157):     <b>\n
Action.c(157):     <label><input type="checkbox" name="11" value="on" /></label></font></b>\n
Action.c(157):     <input type="hidden" name="flightID" value="124981863-0-"  />\n
Action.c(157):       </TD>\n
Action.c(157):       <TD width="45%" valign="top">\n
Action.c(157):           <b>&nbsp;&nbsp;3 Coach class tickets for :</b><br/>\n
Action.c(157):           <center><table border="0" width="85%"><tr><td>\n
Action.c(157):           <li><i>Ashanin Valeriy      <li><i>Gutakovskiy Afinodor      <li><i>Hanykov Merkuriy
Action.c(157):     \n
Action.c(157):           <li><i></i>\n
Action.c(157):           </td></tr></table></center>\n
Action.c(157):       </TD>\n
Action.c(157):       <TD width="5%" >.<br/>.<br/>.<br/>.</TD>\n
Action.c(157):       <TD width="45%" valign=top><b>Invoice sent to:</b><br/>\n
Action.c(157):           <center>\n
Action.c(157):           <Table width="80%" cellspacing="0" > <tr> <td>\n
Action.c(157):                <br/>\n
Action.c(157):               acrobacy<br/>\n
Action.c(157):               agalinis<br/>\n
Action.c(157):               <br/>\n
Action.c(157):               Total Charge: $ 960 <BR/> (CC: x-3374)\n
Action.c(157):           </td> </tr> </table>\n
Action.c(157):           </center>\n
Action.c(157):       </TD>\n
Action.c(157):     </TR>\n
Action.c(157):     <TR bgcolor="#EFF2F7">\n
Action.c(157):       <TD COLSPAN="3">\n
Action.c(157):       <b>Flight Details:</b><BR/>  <center>\n
Action.c(157):       09/23/2020\n
Action.c(157):      :  8am : Flight 510 leaves Portland  for Frankfurt.<br>  </center>\n
Action.c(157):       </TD>\n
Action.c(157):     </TR>\n
Action.c(157):     \n
Action.c(157):     <TR bgcolor="#EFF2F7">\n
Action.c(157):       <TD COLSPAN="4">\n
Action.c(157):       <hr/>\n
Action.c(157):       </TD>\n
Action.c(157):     </TR>\n
Action.c(157):     \n
Action.c(157):     <!-- Flight #1 -->\n
Action.c(157):     <TR bgcolor="#EFF2F7">\n
Action.c(157):       <TD width="5%" rowspan="2" align="left" valign="top">\n
Action.c(157):     <b>\n
Action.c(157):     <label><input type="checkbox" name="12" value="on" /></label></font></b>\n
Action.c(157):     <input type="hidden" name="flightID" value="12499288-984913-"  />\n
Action.c(157):       </TD>\n
Action.c(157):       <TD width="45%" valign="top">\n
Action.c(157):           <b>&nbsp;&nbsp;2 Coach class tickets for :</b><br/>\n
Action.c(157):           <center><table border="0" width="85%"><tr><td>\n
Action.c(157):           <li><i>Ashanin Valeriy      <li><i>Gutakovskiy Afinodor\n
Action.c(157):           <li><i></i>\n
Action.c(157):           </td></tr></table></center>\n
Action.c(157):       </TD>\n
Action.c(157):       <TD width="5%" >.<br/>.<br/>.<br/>.</TD>\n
Action.c(157):       <TD width="45%" valign=top><b>Invoice sent to:</b><br/>\n
Action.c(157):           <center>\n
Action.c(157):           <Table width="80%" cellspacing="0" > <tr> <td>\n
Action.c(157):                <br/>\n
Action.c(157):               acrobacy<br/>\n
Action.c(157):               agalinis<br/>\n
Action.c(157):               <br/>\n
Action.c(157):               Total Charge: $ 3880 <BR/> (CC: x-3374)\n
Action.c(157):           </td> </tr> </table>\n
Action.c(157):           </center>\n
Action.c(157):       </TD>\n
Action.c(157):     </TR>\n
Action.c(157):     <TR bgcolor="#EFF2F7">\n
Action.c(157):       <TD COLSPAN="3">\n
Action.c(157):       <b>Flight Details:</b><BR/>  <center>\n
Action.c(157):       09/23/2020\n
Action.c(157):      :  8am : Flight 80 leaves Denver  for Sydney.<br>  09/29/2020\n
Action.c(157):      :  8am : Flight 80 leaves Denver  for Sydney.<br>  </center>\n
Action.c(157):       </TD>\n
Action.c(157):     </TR>\n
Action.c(157):     \n
Action.c(157):     <TR bgcolor="#EFF2F7">\n
Action.c(157):       <TD COLSPAN="4">\n
Action.c(157):       <hr/>\n
Action.c(157):       </TD>\n
Action.c(157):     </TR>\n
Action.c(157):     \n
Action.c(157):     <!-- Flight #1 -->\n
Action.c(157):     <TR bgcolor="#EFF2F7">\n
Action.c(157):       <TD width="5%" rowspan="2" align="left" valign="top">\n
Action.c(157):     <b>\n
Action.c(157):     <label><input type="checkbox" name="13" value="on" /></label></font></b>\n
Action.c(157):     <input type="hidden" name="flightID" value="1249748201-10246495-AV"  />\n
Action.c(157):       </TD>\n
Action.c(157):       <TD width="45%" valign="top">\n
Action.c(157):           <b>&nbsp;&nbsp;2 First class tickets for :</b><br/>\n
Action.c(157):           <center><table border="0" width="85%"><tr><td>\n
Action.c(157):           <li><i>Ashanin Valeriy      <li><i>Gutakovskiy Afinodor\n
Action.c(157):           <li><i></i>\n
Action.c(157):           </td></tr></table></center>\n
Action.c(157):       </TD>\n
Action.c(157):       <TD width="5%" >.<br/>.<br/>.<br/>.</TD>\n
Action.c(157):       <TD width="45%" valign=top><b>Invoice sent to:</b><br/>\n
Action.c(157):           <center>\n
Action.c(157):           <Table width="80%" cellspacing="0" > <tr> <td>\n
Action.c(157):               Ashanin Valeriy\n
Action.c(157):     <br/>\n
Action.c(157):               acrobacy<br/>\n
Action.c(157):               agalinis<br/>\n
Action.c(157):               <br/>\n
Action.c(157):               Total Charge: $ 4444 <BR/> (CC: x-3374)\n
Action.c(157):           </td> </tr> </table>\n
Action.c(157):           </center>\n
Action.c(157):       </TD>\n
Action.c(157):     </TR>\n
Action.c(157):     <TR bgcolor="#EFF2F7">\n
Action.c(157):       <TD COLSPAN="3">\n
Action.c(157):       <b>Flight Details:</b><BR/>  <center>\n
Action.c(157):       09/23/2020\n
Action.c(157):      :  8am : Flight 320 leaves Los Angeles  for London.<br>  09/29/2020\n
Action.c(157):      :  8am : Flight 320 leaves Los Angeles  for London.<br>  </center>\n
Action.c(157):       </TD>\n
Action.c(157):     </TR>\n
Action.c(157):     \n
Action.c(157):     <TR bgcolor="#EFF2F7">\n
Action.c(157):       <TD COLSPAN="4">\n
Action.c(157):       <hr/>\n
Action.c(157):       </TD>\n
Action.c(157):     </TR>\n
Action.c(157):     <TR>\n
Action.c(157):        <TD align="center" COLSPAN="4">\n
Action.c(157):        <b>A total of 13 scheduled flights.</font></b>\n
Action.c(157):        </TD>\n
Action.c(157):     </TR>\n
Action.c(157):     </TABLE>\n
Action.c(157):     \n
Action.c(157):     <TABLE WIDTH="87%" BORDER="0" CELLSPACING="0">\n
Action.c(157):     <TR>\n
Action.c(157):     <TD align="left" width="50%" >\n
Action.c(157):     <input type="image" name="removeFlights" src="/WebTours/im
Action.c(157): Notify: Saving Parameter "flight_id_17 = 124964468-3384817-AV".	[MsgId: MMSG-13798]
Action.c(157): Notify: Saving Parameter "flight_id_18 = 1249714856-0-AV".	[MsgId: MMSG-13798]
Action.c(157): Notify: Saving Parameter "flight_id_19 = 12498780-0-".	[MsgId: MMSG-13798]
Action.c(157): Notify: Saving Parameter "flight_id_20 = 12499288-0-".	[MsgId: MMSG-13798]
Action.c(157): Notify: Saving Parameter "flight_id_21 = 124981874-6400264-".	[MsgId: MMSG-13798]
Action.c(157): Notify: Saving Parameter "flight_id_22 = 124974843-0-AV".	[MsgId: MMSG-13798]
Action.c(157): Notify: Saving Parameter "flight_id_23 = 124964463-0-".	[MsgId: MMSG-13798]
Action.c(157): Notify: Saving Parameter "flight_id_24 = 124981863-0-".	[MsgId: MMSG-13798]
Action.c(157): Notify: Saving Parameter "flight_id_25 = 12499288-984913-".	[MsgId: MMSG-13798]
Action.c(157): Notify: Saving Parameter "flight_id_26 = 1249748201-10246495-AV".	[MsgId: MMSG-13798]
Action.c(157): Notify: Saving Parameter "flights_numbers = 13".	[MsgId: MMSG-13798]
Action.c(157): t=1246996ms: 7-byte chunked response overhead for "http://localhost:1080/cgi-bin/itinerary.pl" (RelFrameId=, Internal ID=348)
Action.c(157):     \r\n
Action.c(157):     388\r\n
Action.c(157): t=1246997ms: 7-byte chunked response overhead for "http://localhost:1080/cgi-bin/itinerary.pl" (RelFrameId=, Internal ID=348)
Action.c(157):     \r\n
Action.c(157):     0\r\n
Action.c(157):     \r\n
Action.c(157): t=1246997ms: 927-byte chunked response body for "http://localhost:1080/cgi-bin/itinerary.pl" (RelFrameId=, Internal ID=348)
Action.c(157):     ages/cancelreservation.gif" border="0" /></TD>\n
Action.c(157):     <TD align="right" width="50%" >\n
Action.c(157):     <input type="image" name="removeAllFlights" src="/WebTours/images/cancelallreservations.gi
Action.c(157):     f" border="0" /></TD>\n
Action.c(157):     </TABLE>\n
Action.c(157):     \n
Action.c(157):     <div><input type="hidden" name=".cgifields" value="6"  /><input type="hidden" name=".cgifi
Action.c(157):     elds" value="11"  /><input type="hidden" name=".cgifields" value="3"  /><input type="hidde
Action.c(157):     n" name=".cgifields" value="7"  /><input type="hidden" name=".cgifields" value="9"  /><inp
Action.c(157):     ut type="hidden" name=".cgifields" value="12"  /><input type="hidden" name=".cgifields" va
Action.c(157):     lue="2"  /><input type="hidden" name=".cgifields" value="8"  /><input type="hidden" name="
Action.c(157):     .cgifields" value="1"  /><input type="hidden" name=".cgifields" value="4"  /><input type="
Action.c(157):     hidden" name=".cgifields" value="13"  /><input type="hidden" name=".cgifields" value="10" 
Action.c(157):      /><input type="hidden" name=".cgifields" value="5"  /></div></form>\n
Action.c(157):     \n
Action.c(157):     </center>\n
Action.c(157):     \n
Action.c(157):     </body>\n
Action.c(157):     </html>
Action.c(157): Warning -26373: Parameter "flight_id" saved from a resource (URL="http://localhost:1080/cgi-bin/itinerary.pl")  	[MsgId: MWAR-26373]
Action.c(157): Notify: Saving Parameter "flight_id_count = 26".	[MsgId: MMSG-13798]
Action.c(157): Warning -26376: Requested parameter "flights_numbers" found in 2 different pages/frames. Use "web_reg_save_param" with more restrictive LB/RB/RelFrameId  	[MsgId: MWAR-26376]
Action.c(157): Warning -26373: Parameter "flights_numbers" saved from a resource (URL="http://localhost:1080/cgi-bin/itinerary.pl")  	[MsgId: MWAR-26373]
Action.c(157): web_submit_form("web_submit_form") highest severity level was "warning", 34328 body bytes, 512 header bytes, 86 chunking overhead bytes  	[MsgId: MMSG-26387]
Action.c(167): Notify: Parameter Substitution: parameter "flights_numbers" =  "13"	[MsgId: MMSG-13992]
Action.c(170): Itinerary deleted succuess	[MsgId: MMSG-17999]
Action.c(191): Notify: Transaction "cancel_booking" ended with a "Pass" status (Duration: 0,3295 Wasted Time: 0,0027).	[MsgId: MMSG-16871]
Action.c(193): Think time - Waiting 5,00 seconds (according to limit).	[MsgId: MMSG-15946]
Action.c(193): lr_think_time: 5,00 seconds (recorded think time was 6,00 seconds).	[MsgId: MMSG-15947]
Action.c(195): Notify: Transaction "logout" started.	[MsgId: MMSG-16999]
Action.c(197): web_remove_auto_header("Sec-Fetch-User") started  	[MsgId: MMSG-26355]
Action.c(197): Previous automatically added web header for "Sec-Fetch-User" removed  	[MsgId: MMSG-26587]
Action.c(197): web_remove/revert_auto_header("Sec-Fetch-User") was successful  	[MsgId: MMSG-26392]
Action.c(199): web_add_header("Sec-Fetch-User") started  	[MsgId: MMSG-26355]
Action.c(199): web_add_header("Sec-Fetch-User") was successful  	[MsgId: MMSG-26392]
Action.c(202): web_reg_find started  	[MsgId: MMSG-26355]
Action.c(202): Registering web_reg_find was successful  	[MsgId: MMSG-26390]
Action.c(206): web_url("SignOff Button") started  	[MsgId: MMSG-26355]
Action.c(206): t=1252281ms: 328-byte response headers for "http://localhost:1080/cgi-bin/welcome.pl?signOff=1" (RelFrameId=1, Internal ID=349)
Action.c(206):     HTTP/1.1 200 OK\r\n
Action.c(206):     Date: Tue, 22 Sep 2020 14:00:55 GMT\r\n
Action.c(206):     Server: Apache/2.2.21 (Win32)\r\n
Action.c(206):     Set-Cookie: MSO=SID&1600783256; path=/\r\n
Action.c(206):     Set-Cookie: MTUserInfo=; path=/; expires=Mon, 21-Sep-2020 14:00:56 GMT\r\n
Action.c(206):     Keep-Alive: timeout=5, max=100\r\n
Action.c(206):     Connection: Keep-Alive\r\n
Action.c(206):     Transfer-Encoding: chunked\r\n
Action.c(206):     Content-Type: text/html; charset=ISO-8859-1\r\n
Action.c(206):     \r\n
Action.c(206): t=1252282ms: 5-byte chunked response overhead for "http://localhost:1080/cgi-bin/welcome.pl?signOff=1" (RelFrameId=1, Internal ID=349)
Action.c(206):     2ae\r\n
Action.c(206): t=1252283ms: 2-byte chunked response overhead for "http://localhost:1080/cgi-bin/welcome.pl?signOff=1" (RelFrameId=1, Internal ID=349)
Action.c(206):     \r\n
Action.c(206): t=1252283ms: 686-byte chunked response body for "http://localhost:1080/cgi-bin/welcome.pl?signOff=1" (RelFrameId=1, Internal ID=349)
Action.c(206):     <!-- \n
Action.c(206):      A Session ID has been created and loaded into a cookie called MSO.\n
Action.c(206):      Also, the server options have been loaded into the cookie called\n
Action.c(206):      MSO as well.  The server options can be set via the Admin page.\n
Action.c(206):      --->\n
Action.c(206):     \n
Action.c(206):     <html>\n
Action.c(206):     <title>Web Tours</title>\n
Action.c(206):        <!-- Frame Set -->\n
Action.c(206):        <frameset cols="160,*" border="1" frameborder="1">\n
Action.c(206):           <!-- Navigation Frame -->\n
Action.c(206):           <frame src="nav.pl?in=home" name="navbar" marginheight="2" marginwidth="2" \n
Action.c(206):                 noresize="noresize" scrolling="auto"/>\n
Action.c(206):           <!-- Home Frame -->\n
Action.c(206):           <frame src="/WebTours/home.html" name="info" marginheight="2" marginwidth="2" \n
Action.c(206):                 noresize="noresize" scrolling="auto"/>\n
Action.c(206):        </frameset>\n
Action.c(206):     </html>\n
Action.c(206):     \n
Action.c(206):     </body>\n
Action.c(206):     </html>
Action.c(206): Detected non-resource "http://localhost:1080/cgi-bin/nav.pl?in=home" in "http://localhost:1080/cgi-bin/welcome.pl?signOff=1"  	[MsgId: MMSG-26574]
Action.c(206): Detected non-resource "http://localhost:1080/WebTours/home.html" in "http://localhost:1080/cgi-bin/welcome.pl?signOff=1"  	[MsgId: MMSG-26574]
Action.c(206): Retrieving data from cache for "http://localhost:1080/WebTours/home.html"  	[MsgId: MMSG-26558]
Action.c(206): t=1252285ms: 1361-byte response body retrieved from cache for "http://localhost:1080/WebTours/home.html" (RelFrameId=1.2, Internal ID=351)
Action.c(206):     <HTML>\n
Action.c(206):     <HEAD>\n
Action.c(206):     \t<title>Web Tours</title>\n
Action.c(206):     </HEAD>\n
Action.c(206):     <style>\n
Action.c(206):     \tblockquote {font-family: tahoma; font-size : 10pt}\n
Action.c(206):     \tH1 {font-family: tahoma; font-size : 22pt; color: #003366}\n
Action.c(206):     \tsmall {font-family: tahoma; font-size : 8pt}\n
Action.c(206):     \tH3{font-family: tahoma; font-size : 10pt; color: black}\n
Action.c(206):     \tA {FONT-WEIGHT: bold; FONT-SIZE: 10pt; COLOR: black; FONT-FAMILY: Tahoma; TEXT-DECORATIO
Action.c(206):     N: none}\n
Action.c(206):     \tA:hover{ FONT-WEIGHT: bold; FONT-SIZE: 10pt; COLOR: #993333; FONT-FAMILY: Tahoma;TEXT-DE
Action.c(206):     CORATION: underline}\n
Action.c(206):     \tTD {font-family: tahoma; font-size : 10pt; color: black}\n
Action.c(206):     </style>\n
Action.c(206):     <body bgcolor="#e0e7f1">\n
Action.c(206):     <BR/>\n
Action.c(206):     <BR/>\n
Action.c(206):     <BR/>\n
Action.c(206):     <br/>\n
Action.c(206):     <table border="0">\n
Action.c(206):     <tr><td></td></tr>\n
Action.c(206):     <TR><TD></TD></TR>\n
Action.c(206):     <TR><TD>\n
Action.c(206):     <blockquote>\n
Action.c(206):     <H1><b>Web Tours</b></H1>\n
Action.c(206):     Welcome to the Web Tours site.\n
Action.c(206):     <br/>\n
Action.c(206):     To make reservations,please enter your account information to the left.\n
Action.c(206):     <br/>\n
Action.c(206):     If you haven't registered yet, <A href="/cgi-bin/login.pl?username=&amp;password=&amp;getI
Action.c(206):     nfo=true" ><B>sign up now</B></A> to get access to all our resources.\n
Action.c(206):     <br/>\n
Action.c(206):     To configure the server options, use <A href="/cgi-bin/admin.pl" target="body" ><b>adminis
Action.c(206):     tration</b></A> link.\n
Action.c(206):     <br/><br/><br/><br/><br/><br/>\n
Action.c(206):     <br/><small>\n
Action.c(206):     This product uses parts of the SMT Kernel, Copyright (c) 1991-99 <A href="http://www.imati
Action.c(206):     x.com" target="new"><B><small>iMatix Corporation</small></B></A> \n
Action.c(206):     </small>\n
Action.c(206):     </blockquote></TD>\n
Action.c(206):     <TD></TD></TR>\n
Action.c(206):     </table>\n
Action.c(206):     </body>\n
Action.c(206):     </HTML>\n
Action.c(206): t=1252289ms: 5-byte chunked response overhead for "http://localhost:1080/cgi-bin/welcome.pl?signOff=1" (RelFrameId=1, Internal ID=349)
Action.c(206):     0\r\n
Action.c(206):     \r\n
Action.c(206): t=1252475ms: 256-byte response headers for "http://localhost:1080/cgi-bin/nav.pl?in=home" (RelFrameId=1.1, Internal ID=350)
Action.c(206):     HTTP/1.1 200 OK\r\n
Action.c(206):     Date: Tue, 22 Sep 2020 14:00:56 GMT\r\n
Action.c(206):     Server: Apache/2.2.21 (Win32)\r\n
Action.c(206):     Expires: Mon, 21 Sep 2020 14:00:56 GMT\r\n
Action.c(206):     Keep-Alive: timeout=5, max=100\r\n
Action.c(206):     Connection: Keep-Alive\r\n
Action.c(206):     Transfer-Encoding: chunked\r\n
Action.c(206):     Content-Type: text/html; charset=ISO-8859-1\r\n
Action.c(206):     \r\n
Action.c(206): t=1252476ms: 5-byte chunked response overhead for "http://localhost:1080/cgi-bin/nav.pl?in=home" (RelFrameId=1.1, Internal ID=350)
Action.c(206):     5d0\r\n
Action.c(206): t=1252476ms: 2-byte chunked response overhead for "http://localhost:1080/cgi-bin/nav.pl?in=home" (RelFrameId=1.1, Internal ID=350)
Action.c(206):     \r\n
Action.c(206): t=1252476ms: 1488-byte chunked response body for "http://localhost:1080/cgi-bin/nav.pl?in=home" (RelFrameId=1.1, Internal ID=350)
Action.c(206):     <!DOCTYPE html\n
Action.c(206):     \tPUBLIC "-//W3C//DTD XHTML 1.0 Transitional//EN"\n
Action.c(206):     \t "http://www.w3.org/TR/xhtml1/DTD/xhtml1-transitional.dtd">\n
Action.c(206):     <html xmlns="http://www.w3.org/1999/xhtml" lang="en-US" xml:lang="en-US">\n
Action.c(206):     <head>\n
Action.c(206):     <title>Web Tours Navigation Bar</title>\n
Action.c(206):     <meta http-equiv="Content-Type" content="text/html; charset=iso-8859-1" />\n
Action.c(206):     </head>\n
Action.c(206):     <body bgcolor="#E0E7F1">\n
Action.c(206):     <style>\n
Action.c(206):     blockquote {font-family: tahoma; font-size : 10pt}\n
Action.c(206):     H1 {font-family: tahoma; font-size : 22pt; color: #993333}\n
Action.c(206):     H3 {font-family: tahoma; font-size : 10pt; color: black}\n
Action.c(206):     small {font-family: tahoma; font-size : 8pt}\n
Action.c(206):     </style>\n
Action.c(206):     <form method="post" action="/cgi-bin/login.pl" target="body">\n
Action.c(206):     <input type="hidden" name="userSession" value="129670.575617659zzzQQDApcDDDDDDDtAAVQpfiVt"
Action.c(206):     />\n
Action.c(206):     <table border="0"><tr><td>&nbsp;</td>\n
Action.c(206):     <td>&nbsp;</td></tr>\n
Action.c(206):     <tr><td>&nbsp;</td>\n
Action.c(206):     <td>&nbsp;</td></tr>\n
Action.c(206):     <tr><td>&nbsp;</td>\n
Action.c(206):     <td><small>&nbsp;Username</small></td></tr>\n
Action.c(206):     <tr><td>&nbsp;</td>\n
Action.c(206):     <td><input type="text" name="username" value="" size="14" maxlength="14"/></td></tr>\n
Action.c(206):     <tr><td>&nbsp;</td>\n
Action.c(206):     <td><small>&nbsp;Password</small></td>\n
Action.c(206):     <tr><td>&nbsp;</td>\n
Action.c(206):     <td><input type="password" name="password" value="" size="14" maxlength="14"/></td></tr>\n
Action.c(206):     <tr><td>&nbsp;</td>\n
Action.c(206):     <td>&nbsp;</td></tr>\n
Action.c(206):     <tr><td>&nbsp;</td>\n
Action.c(206):     <td><input type="image" name="login" value="Login" alt="Login" border="1" \n
Action.c(206):     src="/WebTours/images/mer_login.gif"/></td></tr>\n
Action.c(206):     <tr><td>&nbsp;</td><td>&nbsp;</td></tr>\n
Action.c(206):     </table><input type="hidden" name="JSFormSubmit" value="off"/>\n
Action.c(206):     </form>\n
Action.c(206):     \n
Action.c(206):     </body>\n
Action.c(206):     </html>\n
Action.c(206): Resource "http://localhost:1080/WebTours/images/mer_login.gif" is in the cache already and will not be downloaded again  	[MsgId: MMSG-26655]
Action.c(206): t=1252484ms: 5-byte chunked response overhead for "http://localhost:1080/cgi-bin/nav.pl?in=home" (RelFrameId=1.1, Internal ID=350)
Action.c(206):     0\r\n
Action.c(206):     \r\n
Action.c(206): Registered web_reg_find successful for "Text=A Session ID has been created and loaded into a cookie called" (count=1)  	[MsgId: MMSG-26364]
Action.c(206): web_url("SignOff Button") was successful, 2174 body bytes, 584 header bytes, 24 chunking overhead bytes  	[MsgId: MMSG-26385]
Action.c(216): Notify: Transaction "logout" ended with a "Pass" status (Duration: 0,4774 Wasted Time: 0,0000).	[MsgId: MMSG-16871]
Action.c(219): Notify: Transaction "04_CancelTicketBooking" ended with a "Pass" status (Duration: 21,6035 Think Time: 20,0397 Wasted Time: 0,0054).	[MsgId: MMSG-16870]
Ending action Action.	[MsgId: MMSG-15918]
Ending iteration 13.	[MsgId: MMSG-15965]
Waiting 78,3950 seconds for iteration pacing.	[MsgId: MMSG-15996]
Action was aborted.	[MsgId: MMSG-10694]
Ending Vuser...	[MsgId: MMSG-15966]
Starting action vuser_end.	[MsgId: MMSG-15919]
Ending action vuser_end.	[MsgId: MMSG-15918]
Vuser Terminated.	[MsgId: MMSG-15963]
Vuser 0 (thread 16412), ended OK."	[MsgId: MMSG-10695]
Action was aborted.	[MsgId: MMSG-10694]
Ending Vuser...	[MsgId: MMSG-15966]
Starting action vuser_end.	[MsgId: MMSG-15919]
Ending action vuser_end.	[MsgId: MMSG-15918]
Vuser Terminated.	[MsgId: MMSG-15963]
Vuser 1 (thread 13836), ended OK."	[MsgId: MMSG-10695]
