Start auto log messages stack - Iteration 11.	[MsgId: MMSG-10545]
Action.c(80): web_add_auto_header("Upgrade-Insecure-Requests") started  	[MsgId: MMSG-26355]
Action.c(80): web_add_auto_header("Upgrade-Insecure-Requests") was successful  	[MsgId: MMSG-26392]
Action.c(83): web_reg_find started  	[MsgId: MMSG-26355]
Action.c(83): Registering web_reg_find was successful  	[MsgId: MMSG-26390]
Action.c(87): web_submit_data("login.pl") started  	[MsgId: MMSG-26355]
Action.c(87): Resource "http://localhost:1080/WebTours/profileValidate.js" is in the cache already and will not be downloaded again  	[MsgId: MMSG-26655]
Action.c(87): Resource "http://localhost:1080/WebTours/images/button_next.gif" is in the cache already and will not be downloaded again  	[MsgId: MMSG-26655]
Action.c(87): Error -26366: "Text=Welcome to Web Tours" not found for web_reg_find  	[MsgId: MERR-26366]
End auto log messages stack.	[MsgId: MMSG-10544]


Start auto log messages stack - Iteration 4.	[MsgId: MMSG-10545]
Action.c(80): web_add_auto_header("Upgrade-Insecure-Requests") started  	[MsgId: MMSG-26355]
Action.c(80): web_add_auto_header("Upgrade-Insecure-Requests") was successful  	[MsgId: MMSG-26392]
Action.c(83): web_reg_find started  	[MsgId: MMSG-26355]
Action.c(83): Registering web_reg_find was successful  	[MsgId: MMSG-26390]
Action.c(87): web_submit_data("login.pl") started  	[MsgId: MMSG-26355]
Action.c(87): Resource "http://localhost:1080/WebTours/profileValidate.js" is in the cache already and will not be downloaded again  	[MsgId: MMSG-26655]
Action.c(87): Resource "http://localhost:1080/WebTours/images/button_next.gif" is in the cache already and will not be downloaded again  	[MsgId: MMSG-26655]
Action.c(87): Error -26366: "Text=Welcome to Web Tours" not found for web_reg_find  	[MsgId: MERR-26366]
End auto log messages stack.	[MsgId: MMSG-10544]


